[0.317s] DEBUG:colcon:Command line arguments: ['/usr/bin/colcon', 'build']
[0.317s] DEBUG:colcon:Parsed command line arguments: Namespace(allow_overriding=[], ament_cmake_args=None, base_paths=['.'], build_base='build', catkin_cmake_args=None, catkin_skip_building_tests=False, cmake_args=None, cmake_clean_cache=False, cmake_clean_first=False, cmake_force_configure=False, cmake_target=None, cmake_target_skip_unavailable=False, continue_on_error=False, event_handlers=None, executor='parallel', ignore_user_meta=False, install_base='install', log_base=None, log_level=None, main=<bound method BuildVerb.main of <colcon_core.verb.build.BuildVerb object at 0x7f9801f769a0>>, merge_install=False, metas=['./colcon.meta'], packages_above=None, packages_above_and_dependencies=None, packages_above_depth=None, packages_end=None, packages_ignore=None, packages_ignore_regex=None, packages_select=None, packages_select_build_failed=False, packages_select_by_dep=None, packages_select_regex=None, packages_select_test_failures=False, packages_skip=None, packages_skip_build_finished=False, packages_skip_by_dep=None, packages_skip_regex=None, packages_skip_test_passed=False, packages_skip_up_to=None, packages_start=None, packages_up_to=None, packages_up_to_regex=None, parallel_workers=16, paths=None, symlink_install=False, test_result_base=None, verb_extension=<colcon_core.verb.build.BuildVerb object at 0x7f9801f769a0>, verb_name='build', verb_parser=<colcon_defaults.argument_parser.defaults.DefaultArgumentsDecorator object at 0x7f9801f76f10>)
[0.348s] Level 1:colcon.colcon_core.package_discovery:discover_packages(colcon_meta) check parameters
[0.348s] Level 1:colcon.colcon_core.package_discovery:discover_packages(recursive) check parameters
[0.348s] Level 1:colcon.colcon_core.package_discovery:discover_packages(ignore) check parameters
[0.348s] Level 1:colcon.colcon_core.package_discovery:discover_packages(path) check parameters
[0.348s] Level 1:colcon.colcon_core.package_discovery:discover_packages(colcon_meta) discover
[0.348s] Level 1:colcon.colcon_core.package_discovery:discover_packages(recursive) discover
[0.348s] INFO:colcon.colcon_core.package_discovery:Crawling recursively for packages in '/home/daniel/TFG_ws/src'
[0.348s] Level 1:colcon.colcon_core.package_identification:_identify(.) by extensions ['ignore', 'ignore_ament_install']
[0.348s] Level 1:colcon.colcon_core.package_identification:_identify(.) by extension 'ignore'
[0.348s] Level 1:colcon.colcon_core.package_identification:_identify(.) by extension 'ignore_ament_install'
[0.348s] Level 1:colcon.colcon_core.package_identification:_identify(.) by extensions ['colcon_pkg']
[0.349s] Level 1:colcon.colcon_core.package_identification:_identify(.) by extension 'colcon_pkg'
[0.349s] Level 1:colcon.colcon_core.package_identification:_identify(.) by extensions ['colcon_meta']
[0.349s] Level 1:colcon.colcon_core.package_identification:_identify(.) by extension 'colcon_meta'
[0.349s] Level 1:colcon.colcon_core.package_identification:_identify(.) by extensions ['ros']
[0.349s] Level 1:colcon.colcon_core.package_identification:_identify(.) by extension 'ros'
[0.365s] Level 1:colcon.colcon_core.package_identification:_identify(.) by extensions ['cmake', 'python']
[0.365s] Level 1:colcon.colcon_core.package_identification:_identify(.) by extension 'cmake'
[0.365s] Level 1:colcon.colcon_core.package_identification:_identify(.) by extension 'python'
[0.365s] Level 1:colcon.colcon_core.package_identification:_identify(.) by extensions ['python_setup_py']
[0.365s] Level 1:colcon.colcon_core.package_identification:_identify(.) by extension 'python_setup_py'
[0.365s] Level 1:colcon.colcon_core.package_identification:_identify(build) by extensions ['ignore', 'ignore_ament_install']
[0.365s] Level 1:colcon.colcon_core.package_identification:_identify(build) by extension 'ignore'
[0.365s] Level 1:colcon.colcon_core.package_identification:_identify(build) ignored
[0.365s] Level 1:colcon.colcon_core.package_identification:_identify(carla_pkg) by extensions ['ignore', 'ignore_ament_install']
[0.365s] Level 1:colcon.colcon_core.package_identification:_identify(carla_pkg) by extension 'ignore'
[0.365s] Level 1:colcon.colcon_core.package_identification:_identify(carla_pkg) by extension 'ignore_ament_install'
[0.366s] Level 1:colcon.colcon_core.package_identification:_identify(carla_pkg) by extensions ['colcon_pkg']
[0.366s] Level 1:colcon.colcon_core.package_identification:_identify(carla_pkg) by extension 'colcon_pkg'
[0.366s] Level 1:colcon.colcon_core.package_identification:_identify(carla_pkg) by extensions ['colcon_meta']
[0.366s] Level 1:colcon.colcon_core.package_identification:_identify(carla_pkg) by extension 'colcon_meta'
[0.366s] Level 1:colcon.colcon_core.package_identification:_identify(carla_pkg) by extensions ['ros']
[0.366s] Level 1:colcon.colcon_core.package_identification:_identify(carla_pkg) by extension 'ros'
[0.367s] DEBUG:colcon.colcon_core.package_identification:Package 'carla_pkg' with type 'ros.ament_cmake' and name 'carla_pkg'
[0.368s] Level 1:colcon.colcon_core.package_identification:_identify(first_pkg) by extensions ['ignore', 'ignore_ament_install']
[0.368s] Level 1:colcon.colcon_core.package_identification:_identify(first_pkg) by extension 'ignore'
[0.368s] Level 1:colcon.colcon_core.package_identification:_identify(first_pkg) by extension 'ignore_ament_install'
[0.368s] Level 1:colcon.colcon_core.package_identification:_identify(first_pkg) by extensions ['colcon_pkg']
[0.368s] Level 1:colcon.colcon_core.package_identification:_identify(first_pkg) by extension 'colcon_pkg'
[0.368s] Level 1:colcon.colcon_core.package_identification:_identify(first_pkg) by extensions ['colcon_meta']
[0.368s] Level 1:colcon.colcon_core.package_identification:_identify(first_pkg) by extension 'colcon_meta'
[0.368s] Level 1:colcon.colcon_core.package_identification:_identify(first_pkg) by extensions ['ros']
[0.368s] Level 1:colcon.colcon_core.package_identification:_identify(first_pkg) by extension 'ros'
[0.368s] DEBUG:colcon.colcon_core.package_identification:Package 'first_pkg' with type 'ros.ament_cmake' and name 'first_pkg'
[0.368s] Level 1:colcon.colcon_core.package_identification:_identify(install) by extensions ['ignore', 'ignore_ament_install']
[0.369s] Level 1:colcon.colcon_core.package_identification:_identify(install) by extension 'ignore'
[0.369s] Level 1:colcon.colcon_core.package_identification:_identify(install) ignored
[0.369s] Level 1:colcon.colcon_core.package_identification:_identify(log) by extensions ['ignore', 'ignore_ament_install']
[0.369s] Level 1:colcon.colcon_core.package_identification:_identify(log) by extension 'ignore'
[0.369s] Level 1:colcon.colcon_core.package_identification:_identify(log) ignored
[0.369s] Level 1:colcon.colcon_core.package_discovery:discover_packages(recursive) using defaults
[0.369s] Level 1:colcon.colcon_core.package_discovery:discover_packages(ignore) discover
[0.369s] Level 1:colcon.colcon_core.package_discovery:discover_packages(ignore) using defaults
[0.369s] Level 1:colcon.colcon_core.package_discovery:discover_packages(path) discover
[0.369s] Level 1:colcon.colcon_core.package_discovery:discover_packages(path) using defaults
[0.389s] Level 1:colcon.colcon_core.package_discovery:discover_packages(prefix_path) check parameters
[0.389s] Level 1:colcon.colcon_core.package_discovery:discover_packages(prefix_path) discover
[0.392s] DEBUG:colcon.colcon_installed_package_information.package_discovery:Found 20 installed packages in /home/daniel/ros_bridge/install
[0.393s] DEBUG:colcon.colcon_installed_package_information.package_discovery:Found 2 installed packages in /home/daniel/TFG_ws/install
[0.394s] DEBUG:colcon.colcon_installed_package_information.package_discovery:Found 258 installed packages in /opt/ros/foxy
[0.395s] Level 1:colcon.colcon_core.package_discovery:discover_packages(prefix_path) using defaults
[0.453s] Level 5:colcon.colcon_core.verb:set package 'carla_pkg' build argument 'cmake_args' from command line to 'None'
[0.453s] Level 5:colcon.colcon_core.verb:set package 'carla_pkg' build argument 'cmake_target' from command line to 'None'
[0.453s] Level 5:colcon.colcon_core.verb:set package 'carla_pkg' build argument 'cmake_target_skip_unavailable' from command line to 'False'
[0.453s] Level 5:colcon.colcon_core.verb:set package 'carla_pkg' build argument 'cmake_clean_cache' from command line to 'False'
[0.453s] Level 5:colcon.colcon_core.verb:set package 'carla_pkg' build argument 'cmake_clean_first' from command line to 'False'
[0.453s] Level 5:colcon.colcon_core.verb:set package 'carla_pkg' build argument 'cmake_force_configure' from command line to 'False'
[0.453s] Level 5:colcon.colcon_core.verb:set package 'carla_pkg' build argument 'ament_cmake_args' from command line to 'None'
[0.453s] Level 5:colcon.colcon_core.verb:set package 'carla_pkg' build argument 'catkin_cmake_args' from command line to 'None'
[0.453s] Level 5:colcon.colcon_core.verb:set package 'carla_pkg' build argument 'catkin_skip_building_tests' from command line to 'False'
[0.453s] DEBUG:colcon.colcon_core.verb:Building package 'carla_pkg' with the following arguments: {'ament_cmake_args': None, 'build_base': '/home/daniel/TFG_ws/src/build/carla_pkg', 'catkin_cmake_args': None, 'catkin_skip_building_tests': False, 'cmake_args': None, 'cmake_clean_cache': False, 'cmake_clean_first': False, 'cmake_force_configure': False, 'cmake_target': None, 'cmake_target_skip_unavailable': False, 'install_base': '/home/daniel/TFG_ws/src/install/carla_pkg', 'merge_install': False, 'path': '/home/daniel/TFG_ws/src/carla_pkg', 'symlink_install': False, 'test_result_base': None}
[0.454s] Level 5:colcon.colcon_core.verb:set package 'first_pkg' build argument 'cmake_args' from command line to 'None'
[0.454s] Level 5:colcon.colcon_core.verb:set package 'first_pkg' build argument 'cmake_target' from command line to 'None'
[0.455s] Level 5:colcon.colcon_core.verb:set package 'first_pkg' build argument 'cmake_target_skip_unavailable' from command line to 'False'
[0.455s] Level 5:colcon.colcon_core.verb:set package 'first_pkg' build argument 'cmake_clean_cache' from command line to 'False'
[0.455s] Level 5:colcon.colcon_core.verb:set package 'first_pkg' build argument 'cmake_clean_first' from command line to 'False'
[0.455s] Level 5:colcon.colcon_core.verb:set package 'first_pkg' build argument 'cmake_force_configure' from command line to 'False'
[0.455s] Level 5:colcon.colcon_core.verb:set package 'first_pkg' build argument 'ament_cmake_args' from command line to 'None'
[0.455s] Level 5:colcon.colcon_core.verb:set package 'first_pkg' build argument 'catkin_cmake_args' from command line to 'None'
[0.455s] Level 5:colcon.colcon_core.verb:set package 'first_pkg' build argument 'catkin_skip_building_tests' from command line to 'False'
[0.455s] DEBUG:colcon.colcon_core.verb:Building package 'first_pkg' with the following arguments: {'ament_cmake_args': None, 'build_base': '/home/daniel/TFG_ws/src/build/first_pkg', 'catkin_cmake_args': None, 'catkin_skip_building_tests': False, 'cmake_args': None, 'cmake_clean_cache': False, 'cmake_clean_first': False, 'cmake_force_configure': False, 'cmake_target': None, 'cmake_target_skip_unavailable': False, 'install_base': '/home/daniel/TFG_ws/src/install/first_pkg', 'merge_install': False, 'path': '/home/daniel/TFG_ws/src/first_pkg', 'symlink_install': False, 'test_result_base': None}
[0.455s] INFO:colcon.colcon_core.executor:Executing jobs using 'parallel' executor
[0.459s] DEBUG:colcon.colcon_parallel_executor.executor.parallel:run_until_complete
[0.459s] INFO:colcon.colcon_ros.task.ament_cmake.build:Building ROS package in '/home/daniel/TFG_ws/src/carla_pkg' with build type 'ament_cmake'
[0.459s] INFO:colcon.colcon_cmake.task.cmake.build:Building CMake package in '/home/daniel/TFG_ws/src/carla_pkg'
[0.463s] INFO:colcon.colcon_core.plugin_system:Skipping extension 'colcon_core.shell.bat': Not used on non-Windows systems
[0.463s] INFO:colcon.colcon_core.shell:Skip shell extension 'powershell' for command environment: Not usable outside of PowerShell
[0.463s] DEBUG:colcon.colcon_core.shell:Skip shell extension 'dsv' for command environment
[0.469s] INFO:colcon.colcon_ros.task.ament_cmake.build:Building ROS package in '/home/daniel/TFG_ws/src/first_pkg' with build type 'ament_cmake'
[0.469s] INFO:colcon.colcon_cmake.task.cmake.build:Building CMake package in '/home/daniel/TFG_ws/src/first_pkg'
[0.471s] INFO:colcon.colcon_core.shell:Skip shell extension 'powershell' for command environment: Not usable outside of PowerShell
[0.471s] DEBUG:colcon.colcon_core.shell:Skip shell extension 'dsv' for command environment
[0.482s] DEBUG:colcon.colcon_core.event_handler.log_command:Invoking command in '/home/daniel/TFG_ws/src/build/carla_pkg': CMAKE_PREFIX_PATH=/home/daniel/ros_bridge/install/tutorial_interfaces:/home/daniel/ros_bridge/install/carla_ad_demo:/home/daniel/ros_bridge/install/rviz_carla_plugin:/home/daniel/ros_bridge/install/pcl_recorder:/home/daniel/ros_bridge/install/carla_waypoint_types:/home/daniel/ros_bridge/install/rqt_carla_control:/home/daniel/ros_bridge/install/carla_waypoint_publisher:/home/daniel/ros_bridge/install/carla_ackermann_control:/home/daniel/ros_bridge/install/carla_ros_bridge:/home/daniel/ros_bridge/install/carla_spawn_objects:/home/daniel/ros_bridge/install/carla_manual_control:/home/daniel/ros_bridge/install/carla_ad_agent:/home/daniel/ros_bridge/install/ros_compatibility:/home/daniel/ros_bridge/install/carla_walker_agent:/home/daniel/ros_bridge/install/carla_twist_to_control:/home/daniel/ros_bridge/install/carla_ros_scenario_runner:/home/daniel/ros_bridge/install/carla_common:/opt/ros/foxy:/home/daniel/ros_bridge/install/carla_ros_scenario_runner_types:/home/daniel/ros_bridge/install/carla_ackermann_msgs:/home/daniel/ros_bridge/install/carla_msgs:/home/daniel/TFG_ws/install/first_pkg:/home/daniel/TFG_ws/install/carla_pkg /usr/bin/cmake /home/daniel/TFG_ws/src/carla_pkg -DCMAKE_INSTALL_PREFIX=/home/daniel/TFG_ws/src/install/carla_pkg
[0.485s] DEBUG:colcon.colcon_core.event_handler.log_command:Invoking command in '/home/daniel/TFG_ws/src/build/first_pkg': CMAKE_PREFIX_PATH=/home/daniel/ros_bridge/install/tutorial_interfaces:/home/daniel/ros_bridge/install/carla_ad_demo:/home/daniel/ros_bridge/install/rviz_carla_plugin:/home/daniel/ros_bridge/install/pcl_recorder:/home/daniel/ros_bridge/install/carla_waypoint_types:/home/daniel/ros_bridge/install/rqt_carla_control:/home/daniel/ros_bridge/install/carla_waypoint_publisher:/home/daniel/ros_bridge/install/carla_ackermann_control:/home/daniel/ros_bridge/install/carla_ros_bridge:/home/daniel/ros_bridge/install/carla_spawn_objects:/home/daniel/ros_bridge/install/carla_manual_control:/home/daniel/ros_bridge/install/carla_ad_agent:/home/daniel/ros_bridge/install/ros_compatibility:/home/daniel/ros_bridge/install/carla_walker_agent:/home/daniel/ros_bridge/install/carla_twist_to_control:/home/daniel/ros_bridge/install/carla_ros_scenario_runner:/home/daniel/ros_bridge/install/carla_common:/opt/ros/foxy:/home/daniel/ros_bridge/install/carla_ros_scenario_runner_types:/home/daniel/ros_bridge/install/carla_ackermann_msgs:/home/daniel/ros_bridge/install/carla_msgs:/home/daniel/TFG_ws/install/first_pkg:/home/daniel/TFG_ws/install/carla_pkg /usr/bin/cmake /home/daniel/TFG_ws/src/first_pkg -DCMAKE_INSTALL_PREFIX=/home/daniel/TFG_ws/src/install/first_pkg
[1.576s] DEBUG:colcon.colcon_core.event_handler.log_command:Invoked command in '/home/daniel/TFG_ws/src/build/first_pkg' returned '0': CMAKE_PREFIX_PATH=/home/daniel/ros_bridge/install/tutorial_interfaces:/home/daniel/ros_bridge/install/carla_ad_demo:/home/daniel/ros_bridge/install/rviz_carla_plugin:/home/daniel/ros_bridge/install/pcl_recorder:/home/daniel/ros_bridge/install/carla_waypoint_types:/home/daniel/ros_bridge/install/rqt_carla_control:/home/daniel/ros_bridge/install/carla_waypoint_publisher:/home/daniel/ros_bridge/install/carla_ackermann_control:/home/daniel/ros_bridge/install/carla_ros_bridge:/home/daniel/ros_bridge/install/carla_spawn_objects:/home/daniel/ros_bridge/install/carla_manual_control:/home/daniel/ros_bridge/install/carla_ad_agent:/home/daniel/ros_bridge/install/ros_compatibility:/home/daniel/ros_bridge/install/carla_walker_agent:/home/daniel/ros_bridge/install/carla_twist_to_control:/home/daniel/ros_bridge/install/carla_ros_scenario_runner:/home/daniel/ros_bridge/install/carla_common:/opt/ros/foxy:/home/daniel/ros_bridge/install/carla_ros_scenario_runner_types:/home/daniel/ros_bridge/install/carla_ackermann_msgs:/home/daniel/ros_bridge/install/carla_msgs:/home/daniel/TFG_ws/install/first_pkg:/home/daniel/TFG_ws/install/carla_pkg /usr/bin/cmake /home/daniel/TFG_ws/src/first_pkg -DCMAKE_INSTALL_PREFIX=/home/daniel/TFG_ws/src/install/first_pkg
[1.578s] DEBUG:colcon.colcon_core.event_handler.log_command:Invoking command in '/home/daniel/TFG_ws/src/build/first_pkg': CMAKE_PREFIX_PATH=/home/daniel/ros_bridge/install/tutorial_interfaces:/home/daniel/ros_bridge/install/carla_ad_demo:/home/daniel/ros_bridge/install/rviz_carla_plugin:/home/daniel/ros_bridge/install/pcl_recorder:/home/daniel/ros_bridge/install/carla_waypoint_types:/home/daniel/ros_bridge/install/rqt_carla_control:/home/daniel/ros_bridge/install/carla_waypoint_publisher:/home/daniel/ros_bridge/install/carla_ackermann_control:/home/daniel/ros_bridge/install/carla_ros_bridge:/home/daniel/ros_bridge/install/carla_spawn_objects:/home/daniel/ros_bridge/install/carla_manual_control:/home/daniel/ros_bridge/install/carla_ad_agent:/home/daniel/ros_bridge/install/ros_compatibility:/home/daniel/ros_bridge/install/carla_walker_agent:/home/daniel/ros_bridge/install/carla_twist_to_control:/home/daniel/ros_bridge/install/carla_ros_scenario_runner:/home/daniel/ros_bridge/install/carla_common:/opt/ros/foxy:/home/daniel/ros_bridge/install/carla_ros_scenario_runner_types:/home/daniel/ros_bridge/install/carla_ackermann_msgs:/home/daniel/ros_bridge/install/carla_msgs:/home/daniel/TFG_ws/install/first_pkg:/home/daniel/TFG_ws/install/carla_pkg /usr/bin/cmake --build /home/daniel/TFG_ws/src/build/first_pkg -- -j16 -l16
[1.709s] DEBUG:colcon.colcon_core.event_handler.log_command:Invoked command in '/home/daniel/TFG_ws/src/build/first_pkg' returned '0': CMAKE_PREFIX_PATH=/home/daniel/ros_bridge/install/tutorial_interfaces:/home/daniel/ros_bridge/install/carla_ad_demo:/home/daniel/ros_bridge/install/rviz_carla_plugin:/home/daniel/ros_bridge/install/pcl_recorder:/home/daniel/ros_bridge/install/carla_waypoint_types:/home/daniel/ros_bridge/install/rqt_carla_control:/home/daniel/ros_bridge/install/carla_waypoint_publisher:/home/daniel/ros_bridge/install/carla_ackermann_control:/home/daniel/ros_bridge/install/carla_ros_bridge:/home/daniel/ros_bridge/install/carla_spawn_objects:/home/daniel/ros_bridge/install/carla_manual_control:/home/daniel/ros_bridge/install/carla_ad_agent:/home/daniel/ros_bridge/install/ros_compatibility:/home/daniel/ros_bridge/install/carla_walker_agent:/home/daniel/ros_bridge/install/carla_twist_to_control:/home/daniel/ros_bridge/install/carla_ros_scenario_runner:/home/daniel/ros_bridge/install/carla_common:/opt/ros/foxy:/home/daniel/ros_bridge/install/carla_ros_scenario_runner_types:/home/daniel/ros_bridge/install/carla_ackermann_msgs:/home/daniel/ros_bridge/install/carla_msgs:/home/daniel/TFG_ws/install/first_pkg:/home/daniel/TFG_ws/install/carla_pkg /usr/bin/cmake --build /home/daniel/TFG_ws/src/build/first_pkg -- -j16 -l16
[1.743s] DEBUG:colcon.colcon_core.event_handler.log_command:Invoking command in '/home/daniel/TFG_ws/src/build/first_pkg': CMAKE_PREFIX_PATH=/home/daniel/ros_bridge/install/tutorial_interfaces:/home/daniel/ros_bridge/install/carla_ad_demo:/home/daniel/ros_bridge/install/rviz_carla_plugin:/home/daniel/ros_bridge/install/pcl_recorder:/home/daniel/ros_bridge/install/carla_waypoint_types:/home/daniel/ros_bridge/install/rqt_carla_control:/home/daniel/ros_bridge/install/carla_waypoint_publisher:/home/daniel/ros_bridge/install/carla_ackermann_control:/home/daniel/ros_bridge/install/carla_ros_bridge:/home/daniel/ros_bridge/install/carla_spawn_objects:/home/daniel/ros_bridge/install/carla_manual_control:/home/daniel/ros_bridge/install/carla_ad_agent:/home/daniel/ros_bridge/install/ros_compatibility:/home/daniel/ros_bridge/install/carla_walker_agent:/home/daniel/ros_bridge/install/carla_twist_to_control:/home/daniel/ros_bridge/install/carla_ros_scenario_runner:/home/daniel/ros_bridge/install/carla_common:/opt/ros/foxy:/home/daniel/ros_bridge/install/carla_ros_scenario_runner_types:/home/daniel/ros_bridge/install/carla_ackermann_msgs:/home/daniel/ros_bridge/install/carla_msgs:/home/daniel/TFG_ws/install/first_pkg:/home/daniel/TFG_ws/install/carla_pkg /usr/bin/cmake --install /home/daniel/TFG_ws/src/build/first_pkg
[1.753s] Level 1:colcon.colcon_core.environment:create_environment_scripts_only(first_pkg)
[1.755s] DEBUG:colcon.colcon_core.event_handler.log_command:Invoked command in '/home/daniel/TFG_ws/src/build/first_pkg' returned '0': CMAKE_PREFIX_PATH=/home/daniel/ros_bridge/install/tutorial_interfaces:/home/daniel/ros_bridge/install/carla_ad_demo:/home/daniel/ros_bridge/install/rviz_carla_plugin:/home/daniel/ros_bridge/install/pcl_recorder:/home/daniel/ros_bridge/install/carla_waypoint_types:/home/daniel/ros_bridge/install/rqt_carla_control:/home/daniel/ros_bridge/install/carla_waypoint_publisher:/home/daniel/ros_bridge/install/carla_ackermann_control:/home/daniel/ros_bridge/install/carla_ros_bridge:/home/daniel/ros_bridge/install/carla_spawn_objects:/home/daniel/ros_bridge/install/carla_manual_control:/home/daniel/ros_bridge/install/carla_ad_agent:/home/daniel/ros_bridge/install/ros_compatibility:/home/daniel/ros_bridge/install/carla_walker_agent:/home/daniel/ros_bridge/install/carla_twist_to_control:/home/daniel/ros_bridge/install/carla_ros_scenario_runner:/home/daniel/ros_bridge/install/carla_common:/opt/ros/foxy:/home/daniel/ros_bridge/install/carla_ros_scenario_runner_types:/home/daniel/ros_bridge/install/carla_ackermann_msgs:/home/daniel/ros_bridge/install/carla_msgs:/home/daniel/TFG_ws/install/first_pkg:/home/daniel/TFG_ws/install/carla_pkg /usr/bin/cmake --install /home/daniel/TFG_ws/src/build/first_pkg
[1.759s] Level 1:colcon.colcon_core.environment:checking '/home/daniel/TFG_ws/src/install/first_pkg' for CMake module files
[1.759s] Level 1:colcon.colcon_core.environment:checking '/home/daniel/TFG_ws/src/install/first_pkg' for CMake config files
[1.760s] Level 1:colcon.colcon_core.shell:create_environment_hook('first_pkg', 'cmake_prefix_path')
[1.761s] INFO:colcon.colcon_core.shell:Creating environment hook '/home/daniel/TFG_ws/src/install/first_pkg/share/first_pkg/hook/cmake_prefix_path.ps1'
[1.762s] INFO:colcon.colcon_core.shell:Creating environment descriptor '/home/daniel/TFG_ws/src/install/first_pkg/share/first_pkg/hook/cmake_prefix_path.dsv'
[1.762s] INFO:colcon.colcon_core.shell:Creating environment hook '/home/daniel/TFG_ws/src/install/first_pkg/share/first_pkg/hook/cmake_prefix_path.sh'
[1.763s] Level 1:colcon.colcon_core.environment:checking '/home/daniel/TFG_ws/src/install/first_pkg/lib'
[1.763s] Level 1:colcon.colcon_core.environment:checking '/home/daniel/TFG_ws/src/install/first_pkg/bin'
[1.763s] Level 1:colcon.colcon_core.environment:checking '/home/daniel/TFG_ws/src/install/first_pkg/lib/pkgconfig/first_pkg.pc'
[1.763s] Level 1:colcon.colcon_core.environment:checking '/home/daniel/TFG_ws/src/install/first_pkg/lib/python3.8/site-packages'
[1.764s] Level 1:colcon.colcon_core.environment:checking '/home/daniel/TFG_ws/src/install/first_pkg/bin'
[1.765s] INFO:colcon.colcon_core.shell:Creating package script '/home/daniel/TFG_ws/src/install/first_pkg/share/first_pkg/package.ps1'
[1.766s] INFO:colcon.colcon_core.shell:Creating package descriptor '/home/daniel/TFG_ws/src/install/first_pkg/share/first_pkg/package.dsv'
[1.766s] INFO:colcon.colcon_core.shell:Creating package script '/home/daniel/TFG_ws/src/install/first_pkg/share/first_pkg/package.sh'
[1.767s] INFO:colcon.colcon_core.shell:Creating package script '/home/daniel/TFG_ws/src/install/first_pkg/share/first_pkg/package.bash'
[1.767s] INFO:colcon.colcon_core.shell:Creating package script '/home/daniel/TFG_ws/src/install/first_pkg/share/first_pkg/package.zsh'
[1.768s] Level 1:colcon.colcon_core.environment:create_file_with_runtime_dependencies(/home/daniel/TFG_ws/src/install/first_pkg/share/colcon-core/packages/first_pkg)
[1.788s] Level 1:colcon.colcon_core.environment:create_environment_scripts_only(first_pkg)
[1.790s] Level 1:colcon.colcon_core.environment:checking '/home/daniel/TFG_ws/src/install/first_pkg' for CMake module files
[1.791s] Level 1:colcon.colcon_core.environment:checking '/home/daniel/TFG_ws/src/install/first_pkg' for CMake config files
[1.791s] Level 1:colcon.colcon_core.shell:create_environment_hook('first_pkg', 'cmake_prefix_path')
[1.792s] INFO:colcon.colcon_core.shell:Creating environment hook '/home/daniel/TFG_ws/src/install/first_pkg/share/first_pkg/hook/cmake_prefix_path.ps1'
[1.793s] INFO:colcon.colcon_core.shell:Creating environment descriptor '/home/daniel/TFG_ws/src/install/first_pkg/share/first_pkg/hook/cmake_prefix_path.dsv'
[1.793s] INFO:colcon.colcon_core.shell:Creating environment hook '/home/daniel/TFG_ws/src/install/first_pkg/share/first_pkg/hook/cmake_prefix_path.sh'
[1.793s] Level 1:colcon.colcon_core.environment:checking '/home/daniel/TFG_ws/src/install/first_pkg/lib'
[1.793s] Level 1:colcon.colcon_core.environment:checking '/home/daniel/TFG_ws/src/install/first_pkg/bin'
[1.793s] Level 1:colcon.colcon_core.environment:checking '/home/daniel/TFG_ws/src/install/first_pkg/lib/pkgconfig/first_pkg.pc'
[1.794s] Level 1:colcon.colcon_core.environment:checking '/home/daniel/TFG_ws/src/install/first_pkg/lib/python3.8/site-packages'
[1.794s] Level 1:colcon.colcon_core.environment:checking '/home/daniel/TFG_ws/src/install/first_pkg/bin'
[1.795s] INFO:colcon.colcon_core.shell:Creating package script '/home/daniel/TFG_ws/src/install/first_pkg/share/first_pkg/package.ps1'
[1.796s] INFO:colcon.colcon_core.shell:Creating package descriptor '/home/daniel/TFG_ws/src/install/first_pkg/share/first_pkg/package.dsv'
[1.796s] INFO:colcon.colcon_core.shell:Creating package script '/home/daniel/TFG_ws/src/install/first_pkg/share/first_pkg/package.sh'
[1.796s] INFO:colcon.colcon_core.shell:Creating package script '/home/daniel/TFG_ws/src/install/first_pkg/share/first_pkg/package.bash'
[1.797s] INFO:colcon.colcon_core.shell:Creating package script '/home/daniel/TFG_ws/src/install/first_pkg/share/first_pkg/package.zsh'
[1.797s] Level 1:colcon.colcon_core.environment:create_file_with_runtime_dependencies(/home/daniel/TFG_ws/src/install/first_pkg/share/colcon-core/packages/first_pkg)
[2.037s] DEBUG:colcon.colcon_core.event_handler.log_command:Invoked command in '/home/daniel/TFG_ws/src/build/carla_pkg' returned '0': CMAKE_PREFIX_PATH=/home/daniel/ros_bridge/install/tutorial_interfaces:/home/daniel/ros_bridge/install/carla_ad_demo:/home/daniel/ros_bridge/install/rviz_carla_plugin:/home/daniel/ros_bridge/install/pcl_recorder:/home/daniel/ros_bridge/install/carla_waypoint_types:/home/daniel/ros_bridge/install/rqt_carla_control:/home/daniel/ros_bridge/install/carla_waypoint_publisher:/home/daniel/ros_bridge/install/carla_ackermann_control:/home/daniel/ros_bridge/install/carla_ros_bridge:/home/daniel/ros_bridge/install/carla_spawn_objects:/home/daniel/ros_bridge/install/carla_manual_control:/home/daniel/ros_bridge/install/carla_ad_agent:/home/daniel/ros_bridge/install/ros_compatibility:/home/daniel/ros_bridge/install/carla_walker_agent:/home/daniel/ros_bridge/install/carla_twist_to_control:/home/daniel/ros_bridge/install/carla_ros_scenario_runner:/home/daniel/ros_bridge/install/carla_common:/opt/ros/foxy:/home/daniel/ros_bridge/install/carla_ros_scenario_runner_types:/home/daniel/ros_bridge/install/carla_ackermann_msgs:/home/daniel/ros_bridge/install/carla_msgs:/home/daniel/TFG_ws/install/first_pkg:/home/daniel/TFG_ws/install/carla_pkg /usr/bin/cmake /home/daniel/TFG_ws/src/carla_pkg -DCMAKE_INSTALL_PREFIX=/home/daniel/TFG_ws/src/install/carla_pkg
[2.039s] DEBUG:colcon.colcon_core.event_handler.log_command:Invoking command in '/home/daniel/TFG_ws/src/build/carla_pkg': CMAKE_PREFIX_PATH=/home/daniel/ros_bridge/install/tutorial_interfaces:/home/daniel/ros_bridge/install/carla_ad_demo:/home/daniel/ros_bridge/install/rviz_carla_plugin:/home/daniel/ros_bridge/install/pcl_recorder:/home/daniel/ros_bridge/install/carla_waypoint_types:/home/daniel/ros_bridge/install/rqt_carla_control:/home/daniel/ros_bridge/install/carla_waypoint_publisher:/home/daniel/ros_bridge/install/carla_ackermann_control:/home/daniel/ros_bridge/install/carla_ros_bridge:/home/daniel/ros_bridge/install/carla_spawn_objects:/home/daniel/ros_bridge/install/carla_manual_control:/home/daniel/ros_bridge/install/carla_ad_agent:/home/daniel/ros_bridge/install/ros_compatibility:/home/daniel/ros_bridge/install/carla_walker_agent:/home/daniel/ros_bridge/install/carla_twist_to_control:/home/daniel/ros_bridge/install/carla_ros_scenario_runner:/home/daniel/ros_bridge/install/carla_common:/opt/ros/foxy:/home/daniel/ros_bridge/install/carla_ros_scenario_runner_types:/home/daniel/ros_bridge/install/carla_ackermann_msgs:/home/daniel/ros_bridge/install/carla_msgs:/home/daniel/TFG_ws/install/first_pkg:/home/daniel/TFG_ws/install/carla_pkg /usr/bin/cmake --build /home/daniel/TFG_ws/src/build/carla_pkg -- -j16 -l16
[6.837s] DEBUG:colcon.colcon_core.event_handler.log_command:Invoked command in '/home/daniel/TFG_ws/src/build/carla_pkg' returned '0': CMAKE_PREFIX_PATH=/home/daniel/ros_bridge/install/tutorial_interfaces:/home/daniel/ros_bridge/install/carla_ad_demo:/home/daniel/ros_bridge/install/rviz_carla_plugin:/home/daniel/ros_bridge/install/pcl_recorder:/home/daniel/ros_bridge/install/carla_waypoint_types:/home/daniel/ros_bridge/install/rqt_carla_control:/home/daniel/ros_bridge/install/carla_waypoint_publisher:/home/daniel/ros_bridge/install/carla_ackermann_control:/home/daniel/ros_bridge/install/carla_ros_bridge:/home/daniel/ros_bridge/install/carla_spawn_objects:/home/daniel/ros_bridge/install/carla_manual_control:/home/daniel/ros_bridge/install/carla_ad_agent:/home/daniel/ros_bridge/install/ros_compatibility:/home/daniel/ros_bridge/install/carla_walker_agent:/home/daniel/ros_bridge/install/carla_twist_to_control:/home/daniel/ros_bridge/install/carla_ros_scenario_runner:/home/daniel/ros_bridge/install/carla_common:/opt/ros/foxy:/home/daniel/ros_bridge/install/carla_ros_scenario_runner_types:/home/daniel/ros_bridge/install/carla_ackermann_msgs:/home/daniel/ros_bridge/install/carla_msgs:/home/daniel/TFG_ws/install/first_pkg:/home/daniel/TFG_ws/install/carla_pkg /usr/bin/cmake --build /home/daniel/TFG_ws/src/build/carla_pkg -- -j16 -l16
[6.859s] DEBUG:colcon.colcon_core.event_handler.log_command:Invoking command in '/home/daniel/TFG_ws/src/build/carla_pkg': CMAKE_PREFIX_PATH=/home/daniel/ros_bridge/install/tutorial_interfaces:/home/daniel/ros_bridge/install/carla_ad_demo:/home/daniel/ros_bridge/install/rviz_carla_plugin:/home/daniel/ros_bridge/install/pcl_recorder:/home/daniel/ros_bridge/install/carla_waypoint_types:/home/daniel/ros_bridge/install/rqt_carla_control:/home/daniel/ros_bridge/install/carla_waypoint_publisher:/home/daniel/ros_bridge/install/carla_ackermann_control:/home/daniel/ros_bridge/install/carla_ros_bridge:/home/daniel/ros_bridge/install/carla_spawn_objects:/home/daniel/ros_bridge/install/carla_manual_control:/home/daniel/ros_bridge/install/carla_ad_agent:/home/daniel/ros_bridge/install/ros_compatibility:/home/daniel/ros_bridge/install/carla_walker_agent:/home/daniel/ros_bridge/install/carla_twist_to_control:/home/daniel/ros_bridge/install/carla_ros_scenario_runner:/home/daniel/ros_bridge/install/carla_common:/opt/ros/foxy:/home/daniel/ros_bridge/install/carla_ros_scenario_runner_types:/home/daniel/ros_bridge/install/carla_ackermann_msgs:/home/daniel/ros_bridge/install/carla_msgs:/home/daniel/TFG_ws/install/first_pkg:/home/daniel/TFG_ws/install/carla_pkg /usr/bin/cmake --install /home/daniel/TFG_ws/src/build/carla_pkg
[6.870s] Level 1:colcon.colcon_core.environment:create_environment_scripts_only(carla_pkg)
[6.874s] Level 1:colcon.colcon_core.environment:checking '/home/daniel/TFG_ws/src/install/carla_pkg' for CMake module files
[6.874s] DEBUG:colcon.colcon_core.event_handler.log_command:Invoked command in '/home/daniel/TFG_ws/src/build/carla_pkg' returned '0': CMAKE_PREFIX_PATH=/home/daniel/ros_bridge/install/tutorial_interfaces:/home/daniel/ros_bridge/install/carla_ad_demo:/home/daniel/ros_bridge/install/rviz_carla_plugin:/home/daniel/ros_bridge/install/pcl_recorder:/home/daniel/ros_bridge/install/carla_waypoint_types:/home/daniel/ros_bridge/install/rqt_carla_control:/home/daniel/ros_bridge/install/carla_waypoint_publisher:/home/daniel/ros_bridge/install/carla_ackermann_control:/home/daniel/ros_bridge/install/carla_ros_bridge:/home/daniel/ros_bridge/install/carla_spawn_objects:/home/daniel/ros_bridge/install/carla_manual_control:/home/daniel/ros_bridge/install/carla_ad_agent:/home/daniel/ros_bridge/install/ros_compatibility:/home/daniel/ros_bridge/install/carla_walker_agent:/home/daniel/ros_bridge/install/carla_twist_to_control:/home/daniel/ros_bridge/install/carla_ros_scenario_runner:/home/daniel/ros_bridge/install/carla_common:/opt/ros/foxy:/home/daniel/ros_bridge/install/carla_ros_scenario_runner_types:/home/daniel/ros_bridge/install/carla_ackermann_msgs:/home/daniel/ros_bridge/install/carla_msgs:/home/daniel/TFG_ws/install/first_pkg:/home/daniel/TFG_ws/install/carla_pkg /usr/bin/cmake --install /home/daniel/TFG_ws/src/build/carla_pkg
[6.875s] Level 1:colcon.colcon_core.environment:checking '/home/daniel/TFG_ws/src/install/carla_pkg' for CMake config files
[6.875s] Level 1:colcon.colcon_core.shell:create_environment_hook('carla_pkg', 'cmake_prefix_path')
[6.876s] INFO:colcon.colcon_core.shell:Creating environment hook '/home/daniel/TFG_ws/src/install/carla_pkg/share/carla_pkg/hook/cmake_prefix_path.ps1'
[6.877s] INFO:colcon.colcon_core.shell:Creating environment descriptor '/home/daniel/TFG_ws/src/install/carla_pkg/share/carla_pkg/hook/cmake_prefix_path.dsv'
[6.877s] INFO:colcon.colcon_core.shell:Creating environment hook '/home/daniel/TFG_ws/src/install/carla_pkg/share/carla_pkg/hook/cmake_prefix_path.sh'
[6.878s] Level 1:colcon.colcon_core.environment:checking '/home/daniel/TFG_ws/src/install/carla_pkg/lib'
[6.878s] Level 1:colcon.colcon_core.environment:checking '/home/daniel/TFG_ws/src/install/carla_pkg/bin'
[6.878s] Level 1:colcon.colcon_core.environment:checking '/home/daniel/TFG_ws/src/install/carla_pkg/lib/pkgconfig/carla_pkg.pc'
[6.878s] Level 1:colcon.colcon_core.environment:checking '/home/daniel/TFG_ws/src/install/carla_pkg/lib/python3.8/site-packages'
[6.878s] Level 1:colcon.colcon_core.environment:checking '/home/daniel/TFG_ws/src/install/carla_pkg/bin'
[6.880s] INFO:colcon.colcon_core.shell:Creating package script '/home/daniel/TFG_ws/src/install/carla_pkg/share/carla_pkg/package.ps1'
[6.880s] INFO:colcon.colcon_core.shell:Creating package descriptor '/home/daniel/TFG_ws/src/install/carla_pkg/share/carla_pkg/package.dsv'
[6.881s] INFO:colcon.colcon_core.shell:Creating package script '/home/daniel/TFG_ws/src/install/carla_pkg/share/carla_pkg/package.sh'
[6.881s] INFO:colcon.colcon_core.shell:Creating package script '/home/daniel/TFG_ws/src/install/carla_pkg/share/carla_pkg/package.bash'
[6.881s] INFO:colcon.colcon_core.shell:Creating package script '/home/daniel/TFG_ws/src/install/carla_pkg/share/carla_pkg/package.zsh'
[6.881s] Level 1:colcon.colcon_core.environment:create_file_with_runtime_dependencies(/home/daniel/TFG_ws/src/install/carla_pkg/share/colcon-core/packages/carla_pkg)
[6.903s] Level 1:colcon.colcon_core.environment:create_environment_scripts_only(carla_pkg)
[6.905s] Level 1:colcon.colcon_core.environment:checking '/home/daniel/TFG_ws/src/install/carla_pkg' for CMake module files
[6.906s] Level 1:colcon.colcon_core.environment:checking '/home/daniel/TFG_ws/src/install/carla_pkg' for CMake config files
[6.906s] Level 1:colcon.colcon_core.shell:create_environment_hook('carla_pkg', 'cmake_prefix_path')
[6.907s] INFO:colcon.colcon_core.shell:Creating environment hook '/home/daniel/TFG_ws/src/install/carla_pkg/share/carla_pkg/hook/cmake_prefix_path.ps1'
[6.908s] INFO:colcon.colcon_core.shell:Creating environment descriptor '/home/daniel/TFG_ws/src/install/carla_pkg/share/carla_pkg/hook/cmake_prefix_path.dsv'
[6.908s] INFO:colcon.colcon_core.shell:Creating environment hook '/home/daniel/TFG_ws/src/install/carla_pkg/share/carla_pkg/hook/cmake_prefix_path.sh'
[6.909s] Level 1:colcon.colcon_core.environment:checking '/home/daniel/TFG_ws/src/install/carla_pkg/lib'
[6.909s] Level 1:colcon.colcon_core.environment:checking '/home/daniel/TFG_ws/src/install/carla_pkg/bin'
[6.909s] Level 1:colcon.colcon_core.environment:checking '/home/daniel/TFG_ws/src/install/carla_pkg/lib/pkgconfig/carla_pkg.pc'
[6.909s] Level 1:colcon.colcon_core.environment:checking '/home/daniel/TFG_ws/src/install/carla_pkg/lib/python3.8/site-packages'
[6.909s] Level 1:colcon.colcon_core.environment:checking '/home/daniel/TFG_ws/src/install/carla_pkg/bin'
[6.911s] INFO:colcon.colcon_core.shell:Creating package script '/home/daniel/TFG_ws/src/install/carla_pkg/share/carla_pkg/package.ps1'
[6.911s] INFO:colcon.colcon_core.shell:Creating package descriptor '/home/daniel/TFG_ws/src/install/carla_pkg/share/carla_pkg/package.dsv'
[6.912s] INFO:colcon.colcon_core.shell:Creating package script '/home/daniel/TFG_ws/src/install/carla_pkg/share/carla_pkg/package.sh'
[6.912s] INFO:colcon.colcon_core.shell:Creating package script '/home/daniel/TFG_ws/src/install/carla_pkg/share/carla_pkg/package.bash'
[6.912s] INFO:colcon.colcon_core.shell:Creating package script '/home/daniel/TFG_ws/src/install/carla_pkg/share/carla_pkg/package.zsh'
[6.913s] Level 1:colcon.colcon_core.environment:create_file_with_runtime_dependencies(/home/daniel/TFG_ws/src/install/carla_pkg/share/colcon-core/packages/carla_pkg)
[6.913s] DEBUG:colcon.colcon_parallel_executor.executor.parallel:closing loop
[6.913s] DEBUG:colcon.colcon_parallel_executor.executor.parallel:loop closed
[6.913s] DEBUG:colcon.colcon_parallel_executor.executor.parallel:run_until_complete finished with '0'
[6.913s] DEBUG:colcon.colcon_core.event_reactor:joining thread
[6.918s] INFO:colcon.colcon_core.plugin_system:Skipping extension 'colcon_notification.desktop_notification.terminal_notifier': Not used on non-Darwin systems
[6.919s] INFO:colcon.colcon_core.plugin_system:Skipping extension 'colcon_notification.desktop_notification.win32': Not used on non-Windows systems
[6.919s] INFO:colcon.colcon_notification.desktop_notification:Sending desktop notification using 'notify2'
[6.932s] DEBUG:colcon.colcon_core.event_reactor:joined thread
[6.934s] INFO:colcon.colcon_core.shell:Creating prefix script '/home/daniel/TFG_ws/src/install/local_setup.ps1'
[6.935s] INFO:colcon.colcon_core.shell:Creating prefix util module '/home/daniel/TFG_ws/src/install/_local_setup_util_ps1.py'
[6.936s] INFO:colcon.colcon_core.shell:Creating prefix chain script '/home/daniel/TFG_ws/src/install/setup.ps1'
[6.938s] INFO:colcon.colcon_core.shell:Creating prefix script '/home/daniel/TFG_ws/src/install/local_setup.sh'
[6.939s] INFO:colcon.colcon_core.shell:Creating prefix util module '/home/daniel/TFG_ws/src/install/_local_setup_util_sh.py'
[6.939s] INFO:colcon.colcon_core.shell:Creating prefix chain script '/home/daniel/TFG_ws/src/install/setup.sh'
[6.941s] INFO:colcon.colcon_core.shell:Creating prefix script '/home/daniel/TFG_ws/src/install/local_setup.bash'
[6.942s] INFO:colcon.colcon_core.shell:Creating prefix chain script '/home/daniel/TFG_ws/src/install/setup.bash'
[6.944s] INFO:colcon.colcon_core.shell:Creating prefix script '/home/daniel/TFG_ws/src/install/local_setup.zsh'
[6.944s] INFO:colcon.colcon_core.shell:Creating prefix chain script '/home/daniel/TFG_ws/src/install/setup.zsh'
