[0.000000] (-) TimerEvent: {}
[0.000111] (first_pkg) JobQueued: {'identifier': 'first_pkg', 'dependencies': OrderedDict()}
[0.000278] (first_pkg) JobStarted: {'identifier': 'first_pkg'}
[0.006903] (first_pkg) JobProgress: {'identifier': 'first_pkg', 'progress': 'cmake'}
[0.007756] (first_pkg) Command: {'cmd': ['/usr/bin/cmake', '/home/daniel/TFG_ws/src/first_pkg', '-DCMAKE_INSTALL_PREFIX=/home/daniel/TFG_ws/src/install/first_pkg'], 'cwd': '/home/daniel/TFG_ws/src/build/first_pkg', 'env': OrderedDict([('USER', 'daniel'), ('SSH_AGENT_PID', '1413'), ('XDG_SESSION_TYPE', 'x11'), ('SHLVL', '0'), ('HOME', '/home/daniel'), ('PARENT_WINDOW_ID', 'x11:281fb9b'), ('DESKTOP_SESSION', 'ubuntu'), ('GIO_LAUNCHED_DESKTOP_FILE', '/usr/share/applications/org.kde.kdevelop_kdev4.desktop'), ('GNOME_SHELL_SESSION_MODE', 'ubuntu'), ('GTK_MODULES', 'gail:atk-bridge'), ('MANAGERPID', '1105'), ('DBUS_SESSION_BUS_ADDRESS', 'unix:path=/run/user/1000/bus,guid=d41ddc6361cd8b22642950746455f69c'), ('DBUS_STARTER_BUS_TYPE', 'session'), ('GIO_LAUNCHED_DESKTOP_FILE_PID', '6642'), ('IM_CONFIG_PHASE', '1'), ('LOGNAME', 'daniel'), ('JOURNAL_STREAM', '8:19252'), ('_', '/usr/bin/dbus-update-activation-environment'), ('XDG_SESSION_CLASS', 'user'), ('USERNAME', 'daniel'), ('GNOME_DESKTOP_SESSION_ID', 'this-is-deprecated'), ('WINDOWPATH', '2'), ('PATH', '/home/daniel/.local/bin:/usr/local/sbin:/usr/local/bin:/usr/sbin:/usr/bin:/sbin:/bin:/usr/games:/usr/local/games:/snap/bin'), ('INVOCATION_ID', '935fe9d1e6134d269e1107f4647aa45b'), ('SESSION_MANAGER', 'local/daniel-ASUS-TUF-Gaming-F15-FX506LH-FX506LH:@/tmp/.ICE-unix/1449,unix/daniel-ASUS-TUF-Gaming-F15-FX506LH-FX506LH:/tmp/.ICE-unix/1449'), ('XDG_MENU_PREFIX', 'gnome-'), ('XDG_RUNTIME_DIR', '/run/user/1000'), ('DISPLAY', ':0'), ('LANG', 'en_US.UTF-8'), ('XDG_CURRENT_DESKTOP', 'ubuntu:GNOME'), ('XAUTHORITY', '/run/user/1000/gdm/Xauthority'), ('XDG_SESSION_DESKTOP', 'ubuntu'), ('XMODIFIERS', '@im=ibus'), ('SSH_AUTH_SOCK', '/run/user/1000/keyring/ssh'), ('SHELL', '/bin/bash'), ('GDMSESSION', 'ubuntu'), ('QT_ACCESSIBILITY', '1'), ('GPG_AGENT_INFO', '/run/user/1000/gnupg/S.gpg-agent:0:1'), ('QT_IM_MODULE', 'ibus'), ('LC_ALL', 'en_US.UTF-8'), ('PWD', '/home/daniel/TFG_ws/src/build/first_pkg'), ('DBUS_STARTER_ADDRESS', 'unix:path=/run/user/1000/bus,guid=d41ddc6361cd8b22642950746455f69c'), ('XDG_CONFIG_DIRS', '/etc/xdg/xdg-ubuntu:/etc/xdg'), ('XDG_DATA_DIRS', '/usr/share/ubuntu:/usr/local/share/:/usr/share/:/var/lib/snapd/desktop'), ('UE4_ROOT', '/home/daniel/UnrealEngine_4.26'), ('COLCON', '1')]), 'shell': False}
[0.042253] (first_pkg) StdoutLine: {'line': b'-- The C compiler identification is GNU 9.4.0\n'}
[0.078033] (first_pkg) StdoutLine: {'line': b'-- The CXX compiler identification is GNU 9.4.0\n'}
[0.081033] (first_pkg) StdoutLine: {'line': b'-- Check for working C compiler: /usr/bin/cc\n'}
[0.099347] (-) TimerEvent: {}
[0.124157] (first_pkg) StdoutLine: {'line': b'-- Check for working C compiler: /usr/bin/cc -- works\n'}
[0.124828] (first_pkg) StdoutLine: {'line': b'-- Detecting C compiler ABI info\n'}
[0.170472] (first_pkg) StdoutLine: {'line': b'-- Detecting C compiler ABI info - done\n'}
[0.178864] (first_pkg) StdoutLine: {'line': b'-- Detecting C compile features\n'}
[0.179109] (first_pkg) StdoutLine: {'line': b'-- Detecting C compile features - done\n'}
[0.180829] (first_pkg) StdoutLine: {'line': b'-- Check for working CXX compiler: /usr/bin/c++\n'}
[0.199439] (-) TimerEvent: {}
[0.234817] (first_pkg) StdoutLine: {'line': b'-- Check for working CXX compiler: /usr/bin/c++ -- works\n'}
[0.235697] (first_pkg) StdoutLine: {'line': b'-- Detecting CXX compiler ABI info\n'}
[0.288475] (first_pkg) StdoutLine: {'line': b'-- Detecting CXX compiler ABI info - done\n'}
[0.297298] (first_pkg) StdoutLine: {'line': b'-- Detecting CXX compile features\n'}
[0.297673] (first_pkg) StdoutLine: {'line': b'-- Detecting CXX compile features - done\n'}
[0.299531] (-) TimerEvent: {}
[0.305316] (first_pkg) StderrLine: {'line': b'CMake Error at CMakeLists.txt:19 (find_package):\n'}
[0.305409] (first_pkg) StderrLine: {'line': b'  By not providing "Findament_cmake.cmake" in CMAKE_MODULE_PATH this project\n'}
[0.305470] (first_pkg) StderrLine: {'line': b'  has asked CMake to find a package configuration file provided by\n'}
[0.305521] (first_pkg) StderrLine: {'line': b'  "ament_cmake", but CMake did not find one.\n'}
[0.305643] (first_pkg) StderrLine: {'line': b'\n'}
[0.305712] (first_pkg) StderrLine: {'line': b'  Could not find a package configuration file provided by "ament_cmake" with\n'}
[0.305763] (first_pkg) StderrLine: {'line': b'  any of the following names:\n'}
[0.305812] (first_pkg) StderrLine: {'line': b'\n'}
[0.305858] (first_pkg) StderrLine: {'line': b'    ament_cmakeConfig.cmake\n'}
[0.305902] (first_pkg) StderrLine: {'line': b'    ament_cmake-config.cmake\n'}
[0.305947] (first_pkg) StderrLine: {'line': b'\n'}
[0.305992] (first_pkg) StderrLine: {'line': b'  Add the installation prefix of "ament_cmake" to CMAKE_PREFIX_PATH or set\n'}
[0.306037] (first_pkg) StderrLine: {'line': b'  "ament_cmake_DIR" to a directory containing one of the above files.  If\n'}
[0.306081] (first_pkg) StderrLine: {'line': b'  "ament_cmake" provides a separate development package or SDK, be sure it\n'}
[0.306126] (first_pkg) StderrLine: {'line': b'  has been installed.\n'}
[0.306170] (first_pkg) StderrLine: {'line': b'\n'}
[0.306214] (first_pkg) StderrLine: {'line': b'\n'}
[0.306258] (first_pkg) StdoutLine: {'line': b'-- Configuring incomplete, errors occurred!\n'}
[0.306304] (first_pkg) StdoutLine: {'line': b'See also "/home/daniel/TFG_ws/src/build/first_pkg/CMakeFiles/CMakeOutput.log".\n'}
[0.307130] (first_pkg) CommandEnded: {'returncode': 1}
[0.324825] (first_pkg) JobEnded: {'identifier': 'first_pkg', 'rc': 1}
[0.335115] (-) EventReactorShutdown: {}
