[0.008s] Invoking command in '/home/daniel/TFG_ws/src/build/first_pkg': /usr/bin/cmake /home/daniel/TFG_ws/src/first_pkg -DCMAKE_INSTALL_PREFIX=/home/daniel/TFG_ws/src/install/first_pkg
[0.042s] -- The C compiler identification is GNU 9.4.0
[0.078s] -- The CXX compiler identification is GNU 9.4.0
[0.081s] -- Check for working C compiler: /usr/bin/cc
[0.124s] -- Check for working C compiler: /usr/bin/cc -- works
[0.125s] -- Detecting C compiler ABI info
[0.170s] -- Detecting C compiler ABI info - done
[0.179s] -- Detecting C compile features
[0.179s] -- Detecting C compile features - done
[0.181s] -- Check for working CXX compiler: /usr/bin/c++
[0.235s] -- Check for working CXX compiler: /usr/bin/c++ -- works
[0.235s] -- Detecting CXX compiler ABI info
[0.288s] -- Detecting CXX compiler ABI info - done
[0.297s] -- Detecting CXX compile features
[0.297s] -- Detecting CXX compile features - done
[0.305s] CMake Error at CMakeLists.txt:19 (find_package):
[0.305s]   By not providing "Findament_cmake.cmake" in CMAKE_MODULE_PATH this project
[0.305s]   has asked CMake to find a package configuration file provided by
[0.305s]   "ament_cmake", but CMake did not find one.
[0.305s] 
[0.305s]   Could not find a package configuration file provided by "ament_cmake" with
[0.305s]   any of the following names:
[0.306s] 
[0.306s]     ament_cmakeConfig.cmake
[0.306s]     ament_cmake-config.cmake
[0.306s] 
[0.306s]   Add the installation prefix of "ament_cmake" to CMAKE_PREFIX_PATH or set
[0.306s]   "ament_cmake_DIR" to a directory containing one of the above files.  If
[0.306s]   "ament_cmake" provides a separate development package or SDK, be sure it
[0.306s]   has been installed.
[0.306s] 
[0.306s] 
[0.306s] -- Configuring incomplete, errors occurred!
[0.306s] See also "/home/daniel/TFG_ws/src/build/first_pkg/CMakeFiles/CMakeOutput.log".
[0.307s] Invoked command in '/home/daniel/TFG_ws/src/build/first_pkg' returned '1': /usr/bin/cmake /home/daniel/TFG_ws/src/first_pkg -DCMAKE_INSTALL_PREFIX=/home/daniel/TFG_ws/src/install/first_pkg
